=================================== SLURM JOB ===================================
Wed Feb  7 12:35:07 PST 2024

The job will be started on the following node(s):
c-17-40

Slurm User:         thinhnn
Run Directory:      /work/thinhnn/8181227
Job ID:             8181227
Job Name:           diborane_job
Partition:          nes2.8
Number of nodes:    1
Number of tasks:    4
Submitted From:     gplogin2.gp.local:/nfspool-0/home/thinhnn/mywork/bimetallic/diborane
=================================== SLURM JOB ===================================

--- SLURM job-script output ---
 ridft ended normally
 ridft ended normally
 rdgrad ended normally
  statpt ended normally
 ridft ended normally
 rdgrad ended normally
  statpt ended normally
 ridft ended normally
 rdgrad ended normally
  statpt ended normally
 ridft ended normally
 rdgrad ended normally
  statpt ended normally
 ridft ended normally
 rdgrad ended normally
  statpt ended normally
 ridft ended normally
 rdgrad ended normally
  statpt ended normally
 ridft ended normally
 rdgrad ended normally
  statpt ended normally
 ridft ended normally
aoforce ended normally 
Job Done
