
 ridft (model8) : TURBOMOLE rev. V7.5.0 compiled 13 Jun 2020 at 23:29:25
 Copyright (C) 2020 TURBOMOLE GmbH, Karlsruhe


    2024-02-07 15:48:26.006 



                                  r i d f t

                        DFT program with RI approximation 
                                for coulomb part 




                                                 
                                 References:     
                                                 
          TURBOMOLE:                             
              R. Ahlrichs, M. Baer, M. Haeser, H. Horn, and
              C. Koelmel
              Electronic structure calculations on workstation
              computers: the program system TURBOMOLE
              Chem. Phys. Lett. 162: 165 (1989)
          Density Functional:                              
              O. Treutler and R. Ahlrichs                      
              Efficient Molecular Numerical Integration Schemes
              J. Chem. Phys. 102: 346 (1995)                   
          Parallel Version:                                
              Performance of parallel TURBOMOLE for Density    
              Functional Calculations                          
              M. v. Arnim and R. Ahlrichs                      
              J. Comp. Chem. 19: 1746 (1998)                   
          RI-J Method:                                     
              Auxiliary Basis Sets to approximate Coulomb      
              Potentials                                       
              Chem. Phys. Lett. 240: 283 (1995)                
              K. Eichkorn, O. Treutler, H. Oehm, M. Haeser     
              and R. Ahlrichs                                  
              Chem. Phys. Lett. 242: 652 (1995)                
                                                           
              Auxiliary Basis Sets for Main Row Atoms and their
              Use to approximate Coulomb Potentials            
              K. Eichkorn, F. Weigend, O. Treutler and         
              R. Ahlrichs                                      
              Theo. Chem. Acc. 97: 119 (1997)                   
                                                           
              Accurate Coulomb-fitting basis sets for H to Rn 
              F. Weigend                                        
              Phys. Chem. Chem. Phys. 8: 1057 (2006)            
                                                           
          Multipole accelerated RI-J (MARI-J):             
              Fast evaluation of the Coulomb potential for     
              electron densities using multipole accelerated   
              resolution of identity approximation             
              M. Sierka, A. Hogekamp and R. Ahlrichs           
              J. Chem. Phys. 118: 9136 (2003)                  
          RI-JK Method:                                     
              A fully direct RI-HF algorithm: Implementation,
              optimised auxiliary basis sets, demonstration of
              accuracy and efficiency                         
              F. Weigend                                      
              Phys. Chem. Chem. Phys. 4: 4285 (2002)           
          Two-component HF and DFT with spin-orbit coupling:  
              Self-consistent treatment of spin-orbit         
              interactions with efficient Hartree-Fock and    
              density functional methods                      
              M. K. Armbruster, F. Weigend, C. van Wüllen and 
              W. Klopper                                      
              Phys. Chem. Chem. Phys. 10: 1748 (2008)         
          Two-component difference density and DIIS algorithm 
              Efficient two-component self-consistent field   
              procedures and gradients: implementation in     
              TURBOMOLE and application to Au20-              
              A. Baldes, F. Weigend                           
              Mol. Phys. 111: 2617 (2013)                     
          Relativistic all-electron 2c calculations           
              An efficient implementation of two-component    
              relativistic exact-decoupling methods for large 
              molecules                                       
              D. Peng, N. Middendorf, F. Weigend, M. Reiher   
              J. Chem. Phys. 138: 184105 (2013)               
          Finite nucleus model and SNSO approximation         
              Efficient implementation of one- and two-       
              component analytical energy gradients in exact  
              two-component theory                            
              Y. J. Franzke, N. Middendorf, F. Weigend        
              J. Chem. Phys. 148: 104110 (2018)               
          Grids for all-electron relativistic methods         
              Error-consistent segmented contracted all-      
              electron relativistic basis sets of double-     
              and triple-zeta quality for NMR shielding       
              constants                                       
              Y. J. Franzke, R. Tress, T. M. Pazdera,         
              F. Weigend                                      
              Phys. Chem. Chem. Phys. 21: 166658 (2019)       
          Seminumerical exchange algorithms                   
              Seminumerical calculation of the Hartree-Fock   
              exchange matirx: Application to two-component   
              procedures and efficient evaluation of local    
              hybrid functionsl                               
              P. Plessow, F. Weigend,                         
              J. Comput. Chem. 33: 810 (2012)                 
          Improved seminumerical algorithms                   
              C. Holzer, in preparation (2020)                
                                         




              +--------------------------------------------------+
              |      general information about current run       |
              +--------------------------------------------------+

 
 TPSS global hybrid functional
 exchange:    9/10 (LDA+TPSS) + 1/10 HF
 correlation: LDA (PW) + TPSS
 A Hybrid-DFT calculation using the RI-J approximation will be carried out.
 Allocatable memory for RI due to $ricore (MB):                   500

   *************************************************************************
   diborane                                                                
   *************************************************************************




              +--------------------------------------------------+
              | Atomic coordinate, charge and isotop information |
              +--------------------------------------------------+

                    atomic coordinates            atom    charge  isotop
          0.00000000    1.68266396    0.00000000    b      5.000     0
          0.00000000   -1.68266396    0.00000000    b      5.000     0
          1.86356749    0.00000000    0.00000000    h      1.000     0
         -1.86356749    0.00000000    0.00000000    h      1.000     0
          0.00000000   -2.78017111    1.98428461    h      1.000     0
          0.00000000   -2.78017111   -1.98428461    h      1.000     0
          0.00000000    2.78017111    1.98428461    h      1.000     0
          0.00000000    2.78017111   -1.98428461    h      1.000     0
 
       center of nuclear mass  :    0.00000000    0.00000000    0.00000000
       center of nuclear charge:    0.00000000    0.00000000    0.00000000

              +--------------------------------------------------+
              |               basis set information              |
              +--------------------------------------------------+

              we will work with the 1s 3p 5d 7f 9g ... basis set
              ...i.e. with spherical basis functions...

   type   atoms  prim   cont   basis
   ---------------------------------------------------------------------------
    b        2     24     14   def2-SVP   [3s2p1d|7s4p1d]
    h        6      7      5   def2-SVP   [2s1p|4s1p]
   ---------------------------------------------------------------------------
   total:    8     90     58
   ---------------------------------------------------------------------------

   total number of primitive shells          :   17
   total number of contracted shells         :   30
   total number of cartesian basis functions :   60
   total number of SCF-basis functions       :   58


 integral neglect threshold       :  0.56E-10
 integral storage threshold THIZE :  0.10E-04
 integral storage threshold THIME :         5

 RI-J AUXILIARY BASIS SET information:

              we will work with the 1s 3p 5d 7f 9g ... basis set
              ...i.e. with spherical basis functions...

   type   atoms  prim   cont   basis
   ---------------------------------------------------------------------------
    b        2     70     49   def2-SVP   [6s4p3d1f1g|12s5p4d2f1g]
    h        6     16     11   def2-SVP   [3s1p1d|5s2p1d]
   ---------------------------------------------------------------------------
   total:    8    236    164
   ---------------------------------------------------------------------------

   total number of primitive shells          :   32
   total number of contracted shells         :   60
   total number of cartesian basis functions :  194
   total number of SCF-basis functions       :  164


 symmetry group of the molecule :   c1 

 the group has the following generators :
   c1(z)

    1 symmetry operations found

 there are 1 real representations :   a   

 maximum number of shells which are related by symmetry :  1

  
           ------------------
           density functional
           ------------------
 TPSS global hybrid functional
 exchange:    9/10 (LDA+TPSS) + 1/10 HF
 correlation: LDA (PW) + TPSS

 iterations will be done with small grid
  
 spherical integration : Lebedev's spherical grid
 spherical gridsize    :                     3
    i.e. gridpoints    :                   302
 value for diffuse not defined
 radial integration    : Chebyshev 2nd kind (scaling 3)
 radial gridsize       :                     3
 integration cells     :                     8
 partition function    : becke
 partition sharpness   :                     3
  

 biggest AO integral is expected to be     2.904162095

          ------------------------
          nuclear repulsion energy  :   31.7898910667    
          ------------------------


         -----------------
         -S,T+V- integrals
         -----------------

 1e-integrals will be neglected if expon. factor < 0.556994E-11
 
   Difference densities algorithm switched on.
   The maximal number of linear combinations of
   difference densities is                    20 .

 DIIS switched on: error vector is FDS-SDF
 Max. Iterations for DIIS is     :   4
 DIIS matrix (see manual) 
    Scaling factor of diagonals  :  1.200
    threshold for scaling factor :  0.000

 scf convergence criterion : increment of total energy < .1000000D-06
                  and increment of one-electron energy < .1000000D-03

 MOs are in ASCII format !


    mo occupation :
   irrep   mo's   occupied
    a       58        8
 
 number of basis functions   :    58
 number of occupied orbitals :     8
 

 reading orbital data $scfmo  from file mos
 orbital characterization : scfconv=7
 mo-orthogonalization by Cholesky decomposition

 automatic virtual orbital shift switched on 
      shift if e(lumo)-e(homo) < 0.10000000    

  
           ------------------------
               RI-J - INFORMATION
           ------------------------
 Contributions to RI integral batches: 
  neglected integral batches:                     0
  direct contribution:                            0
  memory contribution:                   465
 Memory core needed for (P|Q) and Cholesky      1 MByte
 Memory core minimum needed except of (P|Q)     1 MByte
 Total minimum memory core needed (sum)         1 MByte
  
 ****************************************
 Memory allocated for RI-J     3 MByte
 ****************************************
                                            

 DSCF restart information will be dumped onto file mos


 Starting SCF iterations

          Overall gridpoints after grid construction =          8596

 ITERATION  ENERGY          1e-ENERGY        2e-ENERGY     NORM[dD(SAO)]  TOL
   1  -53.264728511574    -131.64479430     46.590174727    0.000D+00 0.556D-10
                            Exc = -9.35831356986     Coul =  56.9335979039    
                            exK =-0.985109607296    
                              N = 16.000770033    
                            current damping = 0.300
 
          max. resid. norm for Fia-block=  9.227D-07 for orbital      7a         
          max. resid. fock norm         =  1.589D-06 for orbital     23a         

 ITERATION  ENERGY          1e-ENERGY        2e-ENERGY     NORM[dD(SAO)]  TOL
   2  -53.264728511741    -131.64478130     46.590161719    0.602D-05 0.352D-10
                            Exc = -9.35831300681      Eck =  55.9484747259    
                              N = 16.000770031    
                            current damping = 0.300
 
          Norm of current diis error: 0.21210E-05
          max. resid. norm for Fia-block=  2.626D-07 for orbital      5a         
          max. resid. fock norm         =  2.626D-07 for orbital      5a         

 ENERGY CONVERGED !

          Overall gridpoints after grid construction =         34106

 ITERATION  ENERGY          1e-ENERGY        2e-ENERGY     NORM[dD(SAO)]  TOL
   3  -53.264405430268    -131.64478597     46.590489469    0.210D-05 0.291D-10
                            Exc = -9.35799031839      Eck =  55.9484797879    
                              N = 16.000061891    
                            current damping = 0.350
 
          Norm of current diis error: 0.35214E-06
          max. resid. norm for Fia-block=  5.257D-08 for orbital      5a         
          max. resid. fock norm         =  7.504D-08 for orbital     52a         

 End of SCF iterations

   convergence criteria satisfied after     3 iterations


   *************************************************************************
   diborane                                                                
   *************************************************************************


                  ------------------------------------------ 
                 |  total energy      =    -53.26440543027  |
                  ------------------------------------------ 
                 :  kinetic energy    =     52.36944668792  :
                 :  potential energy  =   -105.63385211819  :
                 :  virial theorem    =      1.98319780846  :
                 :  wavefunction norm =      1.00000000000  :
                  .......................................... 


 orbitals $scfmo  will be written to file mos

    irrep                  4a          5a          6a          7a          8a   
 eigenvalues H         -0.44273    -0.41414    -0.37256    -0.35918    -0.31668
            eV         -12.0475    -11.2693    -10.1381     -9.7737     -8.6173
 occupation              2.0000      2.0000      2.0000      2.0000      2.0000

    irrep                  9a         10a         11a         12a         13a   
 eigenvalues H         -0.04724     0.05655     0.12113     0.13542     0.14889
            eV          -1.2855      1.5389      3.2962      3.6850      4.0514
 
 
 
 
 ==============================================================================
                           electrostatic moments
 ==============================================================================

 reference point for electrostatic moments:    0.00000   0.00000   0.00000

 
              nuc           elec       ->  total
 ------------------------------------------------------------------------------
                          charge      
 ------------------------------------------------------------------------------
          16.000000     -16.000000      -0.000000
 
 ------------------------------------------------------------------------------
                       dipole moment  
 ------------------------------------------------------------------------------
   x       0.000000       0.000000       0.000000
   y       0.000000      -0.000000      -0.000000
   z       0.000000      -0.000000      -0.000000
 
   | dipole moment | =     0.0000 a.u. =     0.0000 debye 
 
 ------------------------------------------------------------------------------
                     quadrupole moment
 ------------------------------------------------------------------------------
  xx       6.945768     -17.920655     -10.974887
  yy      59.230986     -73.091914     -13.860929
  zz      15.749542     -28.893207     -13.143665
  xy       0.000000       0.000000       0.000000
  xz       0.000000       0.000000       0.000000
  yz       0.000000      -0.000000      -0.000000
 
     1/3  trace=     -12.659827
     anisotropy=       2.602624
 
 ==============================================================================
 
HOMO-LUMO Separation
 HOMO         :   -0.31667622 H =     -8.61720 eV
 LUMO         :   -0.04724135 H =     -1.28550 eV
 HOMO-LUMO gap:    0.26943487 H =     +7.33170 eV
 
 ==============================================================================


    ------------------------------------------------------------------------
         total  cpu-time :   0.59 seconds
         total wall-time :   3.47 seconds
    ------------------------------------------------------------------------

   ****  ridft : all done  ****


    2024-02-07 15:48:29.386 

